<?xml version="1.0" encoding="UTF-8"?>
<!-- Generated by org.testng.reporters.JUnitReportReporter -->
<testsuite hostname="DESKTOP-H0IBS3J" failures="0" tests="1" name="maventest.RestDemo1" time="5.513" errors="0" timestamp="06 Sep 2019 18:02:07 GMT" skipped="0">
  <testcase classname="maventest.RestDemo1" name="getweather" time="5.513"/>
</testsuite> <!-- maventest.RestDemo1 -->
