<?xml version="1.0" encoding="UTF-8"?>
<!-- Generated by org.testng.reporters.JUnitReportReporter -->
<testsuite hostname="DESKTOP-H0IBS3J" failures="0" tests="1" name="maventest.BaseClass" time="0.054" errors="0" timestamp="17 Aug 2019 06:57:12 GMT" skipped="0">
  <testcase classname="maventest.BaseClass" name="quite" time="0.054"/>
</testsuite> <!-- maventest.BaseClass -->
