<?xml version="1.0" encoding="UTF-8"?>
<!-- Generated by org.testng.reporters.JUnitReportReporter -->
<testsuite hostname="DESKTOP-H0IBS3J" failures="0" tests="1" name="maventest.logInTest" time="25.251" errors="0" timestamp="05 Sep 2019 18:57:10 GMT" skipped="0">
  <testcase classname="maventest.logInTest" name="getTitle" time="25.251"/>
</testsuite> <!-- maventest.logInTest -->
